0 info it worked if it ends with ok
1 verbose cli [ '/usr/local/bin/node',
1 verbose cli   '/Users/nicky/.npm-packages/bin/npm',
1 verbose cli   'start' ]
2 info using npm@3.9.2
3 info using node@v6.9.4
4 verbose run-script [ 'prestart', 'start', 'poststart' ]
5 info lifecycle woofgang@1.0.0~prestart: woofgang@1.0.0
6 silly lifecycle woofgang@1.0.0~prestart: no script for prestart, continuing
7 info lifecycle woofgang@1.0.0~start: woofgang@1.0.0
8 verbose lifecycle woofgang@1.0.0~start: unsafe-perm in lifecycle true
9 verbose lifecycle woofgang@1.0.0~start: PATH: /Users/nicky/.npm-packages/lib/node_modules/npm/bin/node-gyp-bin:/Users/nicky/sandbox/woofgang/server/node_modules/.bin:/usr/local/bin:/Users/nicky/Downloads/google-cloud-sdk/bin:/Users/nicky/.npm-packages/bin:/usr/local/bin:/opt/local/bin:/opt/local/sbin:/usr/local/bin:/usr/bin:/bin:/usr/sbin:/sbin:/opt/X11/bin:/Library/TeX/texbin:/Users/nicky/.rvm/bin:/Users/nicky/anaconda3/bin:/Users/nicky/bin
10 verbose lifecycle woofgang@1.0.0~start: CWD: /Users/nicky/sandbox/woofgang/server
11 silly lifecycle woofgang@1.0.0~start: Args: [ '-c', 'node server.js' ]
12 silly lifecycle woofgang@1.0.0~start: Returned: code: 1  signal: null
13 info lifecycle woofgang@1.0.0~start: Failed to exec start script
14 verbose stack Error: woofgang@1.0.0 start: `node server.js`
14 verbose stack Exit status 1
14 verbose stack     at EventEmitter.<anonymous> (/Users/nicky/.npm-packages/lib/node_modules/npm/lib/utils/lifecycle.js:245:16)
14 verbose stack     at emitTwo (events.js:106:13)
14 verbose stack     at EventEmitter.emit (events.js:191:7)
14 verbose stack     at ChildProcess.<anonymous> (/Users/nicky/.npm-packages/lib/node_modules/npm/lib/utils/spawn.js:24:14)
14 verbose stack     at emitTwo (events.js:106:13)
14 verbose stack     at ChildProcess.emit (events.js:191:7)
14 verbose stack     at maybeClose (internal/child_process.js:877:16)
14 verbose stack     at Process.ChildProcess._handle.onexit (internal/child_process.js:226:5)
15 verbose pkgid woofgang@1.0.0
16 verbose cwd /Users/nicky/sandbox/woofgang/server
17 error Darwin 15.6.0
18 error argv "/usr/local/bin/node" "/Users/nicky/.npm-packages/bin/npm" "start"
19 error node v6.9.4
20 error npm  v3.9.2
21 error code ELIFECYCLE
22 error woofgang@1.0.0 start: `node server.js`
22 error Exit status 1
23 error Failed at the woofgang@1.0.0 start script 'node server.js'.
23 error Make sure you have the latest version of node.js and npm installed.
23 error If you do, this is most likely a problem with the woofgang package,
23 error not with npm itself.
23 error Tell the author that this fails on your system:
23 error     node server.js
23 error You can get information on how to open an issue for this project with:
23 error     npm bugs woofgang
23 error Or if that isn't available, you can get their info via:
23 error     npm owner ls woofgang
23 error There is likely additional logging output above.
24 verbose exit [ 1, true ]
